[2018-03-15 17:14:37,273] - logger.py] - INFO: 执行下拉刷新
[2018-03-15 17:14:38,022] - logger.py] - INFO: 
[2018-03-15 17:14:38,282] - logger.py] - INFO: ------测试登陆（已注册号码，正确验证码）：start!---------
[2018-03-15 17:14:38,282] - logger.py] - INFO: ------输入已注册号码：18872215422 ,验证码: 20177 。
[2018-03-15 17:14:38,532] - logger.py] - INFO: 获取测试结果：True
[2018-03-15 17:14:38,532] - logger.py] - INFO: ----------pass!-------
[2018-03-15 17:14:38,532] - logger.py] - INFO: ------测试登陆（已注册号码，错误验证码）：start!---------
[2018-03-15 17:14:38,532] - logger.py] - INFO: ------输入已注册号码：18872215422 ,验证码: 12345 。
[2018-03-15 17:14:38,763] - logger.py] - INFO: 获取测试结果：该手机验证码不正确或已使用过
[2018-03-15 17:14:38,763] - logger.py] - INFO: ----------pass!-------
[2018-03-15 17:14:38,763] - logger.py] - INFO: ------测试登陆（已注册号码，正确密码）：start!---------
[2018-03-15 17:14:38,763] - logger.py] - INFO: ------输入已注册号码：18872215422 ,正确密码: 13114328435 。
[2018-03-15 17:14:39,013] - logger.py] - INFO: 获取测试结果：user{me:} = True
[2018-03-15 17:14:39,013] - logger.py] - INFO: ----------pass!-------
[2018-03-15 17:14:39,013] - logger.py] - INFO: ------测试登陆（已注册号码，错误密码）：start!---------
[2018-03-15 17:14:39,013] - logger.py] - INFO: ------输入已注册号码：18872215422 ,错误密码: 13114328433 。
[2018-03-15 17:14:39,253] - logger.py] - INFO: 获取测试结果：error = 您的手机号或密码不正确,error_code = -1
[2018-03-15 17:14:39,253] - logger.py] - INFO: ----------pass!-------
[2018-03-15 17:37:11,720] - logger.py] - INFO: 发送群红包
[2018-03-15 17:37:27,437] - logger.py] - INFO: 发送群红包
[2018-03-15 17:37:44,426] - logger.py] - INFO: 发送群红包
[2018-03-15 17:40:52,940] - logger.py] - INFO: 发送群红包
[2018-03-15 17:42:44,433] - logger.py] - INFO: 发送群红包
[2018-03-15 17:45:41,219] - logger.py] - INFO: 发送群红包
[2018-03-15 17:49:02,549] - logger.py] - INFO: 发送群红包
[2018-03-15 17:50:11,395] - logger.py] - INFO: 发送群红包
[2018-03-15 17:51:07,361] - logger.py] - INFO: 发送群红包
[2018-03-15 17:51:16,875] - logger.py] - INFO: 发送群红包
[2018-03-15 18:56:00,884] - logger.py] - INFO: 发送红包
[2018-03-15 18:59:32,036] - logger.py] - INFO: 发送红包
[2018-03-15 19:00:29,234] - logger.py] - INFO: 发送红包
[2018-03-15 19:02:29,528] - logger.py] - INFO: 发送红包
[2018-03-15 19:07:57,644] - logger.py] - INFO: 发送红包
