[2018-03-29 16:10:11,272] - logger.py] - INFO: ------测试登陆（已注册号码，正确验证码）：start!---------
[2018-03-29 16:10:11,272] - logger.py] - INFO: ------输入已注册号码：18872215422 ,验证码: 20177 。
[2018-03-29 16:10:11,818] - logger.py] - INFO: 获取测试结果：True
[2018-03-29 16:10:11,818] - logger.py] - INFO: ----------pass!-------
[2018-03-29 16:10:11,818] - logger.py] - INFO: ------测试登陆（已注册号码，错误验证码）：start!---------
[2018-03-29 16:10:11,818] - logger.py] - INFO: ------输入已注册号码：18872215422 ,验证码: 12345 。
[2018-03-29 16:10:12,017] - logger.py] - INFO: 获取测试结果：该手机验证码不正确或已使用过
[2018-03-29 16:10:12,017] - logger.py] - INFO: ----------pass!-------
[2018-03-29 16:10:12,017] - logger.py] - INFO: ------测试登陆（已注册号码，正确密码）：start!---------
[2018-03-29 16:10:12,028] - logger.py] - INFO: ------输入已注册号码：18872215422 ,正确密码: 13114328435 。
[2018-03-29 16:10:12,257] - logger.py] - INFO: 获取测试结果：user{me:} = True
[2018-03-29 16:10:12,257] - logger.py] - INFO: ----------pass!-------
[2018-03-29 16:10:12,257] - logger.py] - INFO: ------测试登陆（已注册号码，错误密码）：start!---------
[2018-03-29 16:10:12,257] - logger.py] - INFO: ------输入已注册号码：18872215422 ,错误密码: 13114328433 。
[2018-03-29 16:10:12,477] - logger.py] - INFO: 获取测试结果：error = 您的手机号或密码不正确,error_code = -1
[2018-03-29 16:10:12,477] - logger.py] - INFO: ----------pass!-------
[2018-03-29 16:30:53,986] - logger.py] - INFO: ------测试登陆（已注册号码，正确验证码）：start!---------
[2018-03-29 16:30:53,987] - logger.py] - INFO: ------输入已注册号码：18872215422 ,验证码: 20177 。
[2018-03-29 16:30:54,608] - logger.py] - INFO: 获取测试结果：True
[2018-03-29 16:30:54,611] - logger.py] - INFO: ----------pass!-------
[2018-03-29 16:30:54,614] - logger.py] - INFO: ------测试登陆（已注册号码，错误验证码）：start!---------
[2018-03-29 16:30:54,617] - logger.py] - INFO: ------输入已注册号码：18872215422 ,验证码: 12345 。
[2018-03-29 16:30:54,815] - logger.py] - INFO: 获取测试结果：该手机验证码不正确或已使用过
[2018-03-29 16:30:54,815] - logger.py] - INFO: ----------pass!-------
[2018-03-29 16:30:54,815] - logger.py] - INFO: ------测试登陆（已注册号码，正确密码）：start!---------
[2018-03-29 16:30:54,815] - logger.py] - INFO: ------输入已注册号码：18872215422 ,正确密码: 13114328435 。
[2018-03-29 16:30:55,046] - logger.py] - INFO: 获取测试结果：user{me:} = True
[2018-03-29 16:30:55,055] - logger.py] - INFO: ----------pass!-------
[2018-03-29 16:30:55,055] - logger.py] - INFO: ------测试登陆（已注册号码，错误密码）：start!---------
[2018-03-29 16:30:55,055] - logger.py] - INFO: ------输入已注册号码：18872215422 ,错误密码: 13114328433 。
[2018-03-29 16:30:55,256] - logger.py] - INFO: 获取测试结果：error = 您的手机号或密码不正确,error_code = -1
[2018-03-29 16:30:55,256] - logger.py] - INFO: ----------pass!-------
[2018-03-29 17:15:04,404] - logger.py] - INFO: ------测试登陆（已注册号码，正确验证码）：start!---------
[2018-03-29 17:15:04,404] - logger.py] - INFO: ------输入已注册号码：18872215422 ,验证码: 20177 。
[2018-03-29 17:15:05,219] - logger.py] - INFO: 获取测试结果：True
[2018-03-29 17:15:05,220] - logger.py] - INFO: ----------pass!-------
[2018-03-29 17:15:05,223] - logger.py] - INFO: ------测试登陆（已注册号码，错误验证码）：start!---------
[2018-03-29 17:15:05,226] - logger.py] - INFO: ------输入已注册号码：18872215422 ,验证码: 12345 。
[2018-03-29 17:15:05,523] - logger.py] - INFO: 获取测试结果：该手机验证码不正确或已使用过
[2018-03-29 17:15:05,526] - logger.py] - INFO: ----------pass!-------
[2018-03-29 17:15:05,529] - logger.py] - INFO: ------测试登陆（已注册号码，正确密码）：start!---------
[2018-03-29 17:15:05,530] - logger.py] - INFO: ------输入已注册号码：18872215422 ,正确密码: 13114328435 。
[2018-03-29 17:15:05,737] - logger.py] - INFO: 获取测试结果：user{me:} = True
[2018-03-29 17:15:05,740] - logger.py] - INFO: ----------pass!-------
[2018-03-29 17:15:05,742] - logger.py] - INFO: ------测试登陆（已注册号码，错误密码）：start!---------
[2018-03-29 17:15:05,743] - logger.py] - INFO: ------输入已注册号码：18872215422 ,错误密码: 13114328433 。
[2018-03-29 17:15:05,954] - logger.py] - INFO: 获取测试结果：error = 您的手机号或密码不正确,error_code = -1
[2018-03-29 17:15:05,957] - logger.py] - INFO: ----------pass!-------
